<?xml version="1.0" encoding="UTF-8"?>
<testng-results ignored="0" total="1" passed="1" failed="0" skipped="0">
  <reporter-output>
  </reporter-output>
  <suite started-at="2023-08-22T08:37:00 BST" name="Default suite" finished-at="2023-08-22T08:37:09 BST" duration-ms="9349">
    <groups>
    </groups>
    <test started-at="2023-08-22T08:37:00 BST" name="Default test" finished-at="2023-08-22T08:37:09 BST" duration-ms="9349">
      <class name="testCases.TC_001_VerifySuccessfulSignUpWithValidCredentials">
        <test-method is-config="true" signature="setup()[pri:0, instance:testCases.TC_001_VerifySuccessfulSignUpWithValidCredentials@443118b0]" started-at="2023-08-22T08:37:00 BST" name="setup" finished-at="2023-08-22T08:37:06 BST" duration-ms="6219" status="PASS">
          <reporter-output>
          </reporter-output>
        </test-method> <!-- setup -->
        <test-method signature="SignupTestWithValidCredentials()[pri:0, instance:testCases.TC_001_VerifySuccessfulSignUpWithValidCredentials@443118b0]" started-at="2023-08-22T08:37:06 BST" name="SignupTestWithValidCredentials" finished-at="2023-08-22T08:37:08 BST" duration-ms="2495" status="PASS">
          <reporter-output>
          </reporter-output>
        </test-method> <!-- SignupTestWithValidCredentials -->
        <test-method is-config="true" signature="teardown()[pri:0, instance:testCases.TC_001_VerifySuccessfulSignUpWithValidCredentials@443118b0]" started-at="2023-08-22T08:37:08 BST" name="teardown" finished-at="2023-08-22T08:37:09 BST" duration-ms="593" status="PASS">
          <reporter-output>
          </reporter-output>
        </test-method> <!-- teardown -->
      </class> <!-- testCases.TC_001_VerifySuccessfulSignUpWithValidCredentials -->
    </test> <!-- Default test -->
  </suite> <!-- Default suite -->
</testng-results>
